c:\users\jamie\desktop\assignment2\debug\vc142.pdb
c:\users\jamie\desktop\assignment2\debug\vc142.idb
c:\users\jamie\desktop\assignment2\debug\sortableintvector.obj
c:\users\jamie\desktop\assignment2\debug\main_ps2.obj
c:\users\jamie\desktop\assignment2\debug\intvector.obj
c:\users\jamie\documents\uni2022\dsp\assignment2\debug\vc142.pdb
c:\users\jamie\documents\uni2022\dsp\assignment2\debug\vc142.idb
c:\users\jamie\documents\uni2022\dsp\assignment2\debug\sortableintvector.obj
c:\users\jamie\documents\uni2022\dsp\assignment2\debug\main_ps2.obj
c:\users\jamie\documents\uni2022\dsp\assignment2\debug\intvector.obj
c:\users\jamie\desktop\assignment2\debug\assignment2.ilk
c:\users\jamie\desktop\assignment2\debug\assignment2.exe
c:\users\jamie\desktop\assignment2\debug\assignment2.pdb
c:\users\jamie\documents\uni2022\dsp\assignment2\debug\assignment2.exe
c:\users\jamie\documents\uni2022\dsp\assignment2\debug\assignment2.ilk
c:\users\jamie\documents\uni2022\dsp\assignment2\debug\assignment2.pdb
c:\users\jamie\documents\uni2022\dsp\assignment2\debug\assignment2.tlog\cl.command.1.tlog
c:\users\jamie\documents\uni2022\dsp\assignment2\debug\assignment2.tlog\cl.read.1.tlog
c:\users\jamie\documents\uni2022\dsp\assignment2\debug\assignment2.tlog\cl.write.1.tlog
c:\users\jamie\documents\uni2022\dsp\assignment2\debug\assignment2.tlog\link.command.1.tlog
c:\users\jamie\documents\uni2022\dsp\assignment2\debug\assignment2.tlog\link.read.1.tlog
c:\users\jamie\documents\uni2022\dsp\assignment2\debug\assignment2.tlog\link.write.1.tlog
